{"/Users/lior.yakobson/pw/quest-log-api/src/app.module.ts": {"path":"/Users/lior.yakobson/pw/quest-log-api/src/app.module.ts","statementMap":{"0":{"start":{"line":1,"column":0},"end":{"line":1,"column":40}},"1":{"start":{"line":2,"column":0},"end":{"line":2,"column":60}},"2":{"start":{"line":3,"column":0},"end":{"line":3,"column":78}},"3":{"start":{"line":13,"column":22},"end":{"line":13,"column":null}},"4":{"start":{"line":13,"column":13},"end":{"line":13,"column":null}}},"fnMap":{},"branchMap":{},"s":{"0":0,"1":0,"2":0,"3":0,"4":0},"f":{},"b":{}}
,"/Users/lior.yakobson/pw/quest-log-api/src/main.ts": {"path":"/Users/lior.yakobson/pw/quest-log-api/src/main.ts","statementMap":{"0":{"start":{"line":1,"column":0},"end":{"line":1,"column":43}},"1":{"start":{"line":2,"column":0},"end":{"line":2,"column":41}},"2":{"start":{"line":3,"column":0},"end":{"line":3,"column":58}},"3":{"start":{"line":4,"column":0},"end":{"line":4,"column":48}},"4":{"start":{"line":8,"column":28},"end":{"line":8,"column":60}},"5":{"start":{"line":9,"column":2},"end":{"line":9,"column":53}},"6":{"start":{"line":11,"column":14},"end":{"line":11,"column":49}},"7":{"start":{"line":13,"column":2},"end":{"line":13,"column":107}},"8":{"start":{"line":15,"column":15},"end":{"line":15,"column":39}},"9":{"start":{"line":16,"column":2},"end":{"line":16,"column":25}},"10":{"start":{"line":17,"column":2},"end":{"line":17,"column":64}},"11":{"start":{"line":20,"column":0},"end":{"line":20,"column":55}},"12":{"start":{"line":20,"column":29},"end":{"line":20,"column":53}}},"fnMap":{"0":{"name":"bootstrap","decl":{"start":{"line":6,"column":15},"end":{"line":6,"column":24}},"loc":{"start":{"line":6,"column":24},"end":{"line":18,"column":1}}},"1":{"name":"(anonymous_1)","decl":{"start":{"line":20,"column":18},"end":{"line":20,"column":19}},"loc":{"start":{"line":20,"column":29},"end":{"line":20,"column":53}}}},"branchMap":{"0":{"loc":{"start":{"line":15,"column":15},"end":{"line":15,"column":39}},"type":"binary-expr","locations":[{"start":{"line":15,"column":15},"end":{"line":15,"column":31}},{"start":{"line":15,"column":35},"end":{"line":15,"column":39}}]}},"s":{"0":0,"1":0,"2":0,"3":0,"4":0,"5":0,"6":0,"7":0,"8":0,"9":0,"10":0,"11":0,"12":0},"f":{"0":0,"1":0},"b":{"0":[0,0]}}
,"/Users/lior.yakobson/pw/quest-log-api/src/common/mongo-client/mongo-client.module.ts": {"path":"/Users/lior.yakobson/pw/quest-log-api/src/common/mongo-client/mongo-client.module.ts","statementMap":{"0":{"start":{"line":1,"column":0},"end":{"line":1,"column":50}},"1":{"start":{"line":2,"column":0},"end":{"line":2,"column":42}},"2":{"start":{"line":4,"column":13},"end":{"line":11,"column":2}},"3":{"start":{"line":7,"column":21},"end":{"line":7,"column":42}},"4":{"start":{"line":8,"column":19},"end":{"line":8,"column":44}},"5":{"start":{"line":9,"column":4},"end":{"line":9,"column":42}},"6":{"start":{"line":17,"column":30},"end":{"line":17,"column":null}},"7":{"start":{"line":17,"column":13},"end":{"line":17,"column":null}}},"fnMap":{"0":{"name":"(anonymous_1)","decl":{"start":{"line":6,"column":14},"end":{"line":6,"column":21}},"loc":{"start":{"line":6,"column":23},"end":{"line":10,"column":3}}}},"branchMap":{},"s":{"0":0,"1":0,"2":0,"3":0,"4":0,"5":0,"6":0,"7":0},"f":{"0":0},"b":{}}
,"/Users/lior.yakobson/pw/quest-log-api/src/common/mongo-client/mongo-client.service.ts": {"path":"/Users/lior.yakobson/pw/quest-log-api/src/common/mongo-client/mongo-client.service.ts","statementMap":{"0":{"start":{"line":2,"column":0},"end":{"line":2,"column":null}},"1":{"start":{"line":5,"column":0},"end":{"line":5,"column":62}},"2":{"start":{"line":10,"column":21},"end":{"line":10,"column":51}},"3":{"start":{"line":16,"column":4},"end":{"line":16,"column":58}},"4":{"start":{"line":24,"column":44},"end":{"line":26,"column":6}},"5":{"start":{"line":27,"column":27},"end":{"line":31,"column":6}},"6":{"start":{"line":33,"column":21},"end":{"line":33,"column":94}},"7":{"start":{"line":34,"column":4},"end":{"line":36,"column":null}},"8":{"start":{"line":35,"column":6},"end":{"line":35,"column":64}},"9":{"start":{"line":37,"column":4},"end":{"line":37,"column":27}},"10":{"start":{"line":41,"column":4},"end":{"line":41,"column":59}},"11":{"start":{"line":8,"column":0},"end":{"line":8,"column":13}}},"fnMap":{"0":{"name":"(anonymous_0)","decl":{"start":{"line":9,"column":2},"end":{"line":9,"column":null}},"loc":{"start":{"line":10,"column":51},"end":{"line":12,"column":3}}},"1":{"name":"(anonymous_1)","decl":{"start":{"line":15,"column":2},"end":{"line":15,"column":7}},"loc":{"start":{"line":15,"column":61},"end":{"line":17,"column":3}}},"2":{"name":"(anonymous_2)","decl":{"start":{"line":19,"column":2},"end":{"line":19,"column":7}},"loc":{"start":{"line":22,"column":37},"end":{"line":38,"column":3}}},"3":{"name":"(anonymous_3)","decl":{"start":{"line":40,"column":2},"end":{"line":40,"column":7}},"loc":{"start":{"line":40,"column":58},"end":{"line":42,"column":3}}}},"branchMap":{"0":{"loc":{"start":{"line":34,"column":4},"end":{"line":36,"column":null}},"type":"if","locations":[{"start":{"line":34,"column":4},"end":{"line":36,"column":null}}]}},"s":{"0":2,"1":2,"2":6,"3":1,"4":1,"5":1,"6":1,"7":1,"8":0,"9":1,"10":1,"11":2},"f":{"0":6,"1":1,"2":1,"3":1},"b":{"0":[0]}}
,"/Users/lior.yakobson/pw/quest-log-api/src/features/quest/quest.controller.ts": {"path":"/Users/lior.yakobson/pw/quest-log-api/src/features/quest/quest.controller.ts","statementMap":{"0":{"start":{"line":1,"column":0},"end":{"line":1,"column":91}},"1":{"start":{"line":2,"column":0},"end":{"line":2,"column":29}},"2":{"start":{"line":3,"column":0},"end":{"line":3,"column":84}},"3":{"start":{"line":6,"column":0},"end":{"line":6,"column":45}},"4":{"start":{"line":9,"column":28},"end":{"line":44,"column":null}},"5":{"start":{"line":14,"column":23},"end":{"line":14,"column":62}},"6":{"start":{"line":15,"column":4},"end":{"line":15,"column":64}},"7":{"start":{"line":20,"column":4},"end":{"line":26,"column":null}},"8":{"start":{"line":21,"column":6},"end":{"line":21,"column":46}},"9":{"start":{"line":23,"column":6},"end":{"line":24,"column":27}},"10":{"start":{"line":25,"column":6},"end":{"line":25,"column":54}},"11":{"start":{"line":31,"column":4},"end":{"line":33,"column":null}},"12":{"start":{"line":32,"column":6},"end":{"line":32,"column":79}},"13":{"start":{"line":35,"column":19},"end":{"line":35,"column":65}},"14":{"start":{"line":36,"column":4},"end":{"line":42,"column":null}},"15":{"start":{"line":37,"column":6},"end":{"line":37,"column":56}},"16":{"start":{"line":39,"column":6},"end":{"line":40,"column":87}},"17":{"start":{"line":41,"column":6},"end":{"line":41,"column":54}},"18":{"start":{"line":19,"column":8},"end":{"line":27,"column":null}},"19":{"start":{"line":30,"column":8},"end":{"line":43,"column":null}},"20":{"start":{"line":9,"column":13},"end":{"line":44,"column":null}}},"fnMap":{"0":{"name":"(anonymous_4)","decl":{"start":{"line":11,"column":2},"end":{"line":11,"column":null}},"loc":{"start":{"line":12,"column":40},"end":{"line":16,"column":3}}},"1":{"name":"(anonymous_5)","decl":{"start":{"line":19,"column":2},"end":{"line":19,"column":7}},"loc":{"start":{"line":19,"column":43},"end":{"line":27,"column":3}}},"2":{"name":"(anonymous_6)","decl":{"start":{"line":30,"column":2},"end":{"line":30,"column":7}},"loc":{"start":{"line":30,"column":60},"end":{"line":43,"column":3}}}},"branchMap":{"0":{"loc":{"start":{"line":25,"column":35},"end":{"line":25,"column":52}},"type":"binary-expr","locations":[{"start":{"line":25,"column":35},"end":{"line":25,"column":45}},{"start":{"line":25,"column":49},"end":{"line":25,"column":52}}]},"1":{"loc":{"start":{"line":31,"column":4},"end":{"line":33,"column":null}},"type":"if","locations":[{"start":{"line":31,"column":4},"end":{"line":33,"column":null}}]},"2":{"loc":{"start":{"line":31,"column":8},"end":{"line":31,"column":31}},"type":"binary-expr","locations":[{"start":{"line":31,"column":8},"end":{"line":31,"column":11}},{"start":{"line":31,"column":15},"end":{"line":31,"column":31}}]},"3":{"loc":{"start":{"line":35,"column":19},"end":{"line":35,"column":65}},"type":"cond-expr","locations":[{"start":{"line":35,"column":24},"end":{"line":35,"column":36}},{"start":{"line":35,"column":39},"end":{"line":35,"column":65}}]},"4":{"loc":{"start":{"line":41,"column":35},"end":{"line":41,"column":52}},"type":"binary-expr","locations":[{"start":{"line":41,"column":35},"end":{"line":41,"column":45}},{"start":{"line":41,"column":49},"end":{"line":41,"column":52}}]}},"s":{"0":1,"1":1,"2":1,"3":1,"4":1,"5":2,"6":2,"7":1,"8":1,"9":0,"10":0,"11":0,"12":0,"13":0,"14":0,"15":0,"16":0,"17":0,"18":1,"19":1,"20":1},"f":{"0":2,"1":1,"2":0},"b":{"0":[0,0],"1":[0],"2":[0,0],"3":[0,0],"4":[0,0]}}
,"/Users/lior.yakobson/pw/quest-log-api/src/features/quest/quest.module.ts": {"path":"/Users/lior.yakobson/pw/quest-log-api/src/features/quest/quest.module.ts","statementMap":{"0":{"start":{"line":1,"column":0},"end":{"line":1,"column":40}},"1":{"start":{"line":2,"column":0},"end":{"line":2,"column":53}},"2":{"start":{"line":3,"column":0},"end":{"line":3,"column":82}},"3":{"start":{"line":9,"column":24},"end":{"line":9,"column":null}},"4":{"start":{"line":9,"column":13},"end":{"line":9,"column":null}}},"fnMap":{},"branchMap":{},"s":{"0":0,"1":0,"2":0,"3":0,"4":0},"f":{},"b":{}}
,"/Users/lior.yakobson/pw/quest-log-api/src/features/quest/dto/find-one.dto.ts": {"path":"/Users/lior.yakobson/pw/quest-log-api/src/features/quest/dto/find-one.dto.ts","statementMap":{"0":{"start":{"line":1,"column":0},"end":{"line":1,"column":55}},"1":{"start":{"line":3,"column":0},"end":{"line":3,"column":13}},"2":{"start":{"line":6,"column":2},"end":{"line":6,"column":null}},"3":{"start":{"line":9,"column":0},"end":{"line":9,"column":13}},"4":{"start":{"line":12,"column":2},"end":{"line":12,"column":null}}},"fnMap":{},"branchMap":{},"s":{"0":0,"1":0,"2":0,"3":0,"4":0},"f":{},"b":{}}
,"/Users/lior.yakobson/pw/quest-log-api/src/features/quest/dto/index.ts": {"path":"/Users/lior.yakobson/pw/quest-log-api/src/features/quest/dto/index.ts","statementMap":{"0":{"start":{"line":1,"column":0},"end":{"line":1,"column":31}}},"fnMap":{},"branchMap":{},"s":{"0":0},"f":{},"b":{}}
,"/Users/lior.yakobson/pw/quest-log-api/src/features/quest/dto/upsert-dto.ts": {"path":"/Users/lior.yakobson/pw/quest-log-api/src/features/quest/dto/upsert-dto.ts","statementMap":{"0":{"start":{"line":1,"column":0},"end":{"line":1,"column":65}},"1":{"start":{"line":2,"column":0},"end":{"line":2,"column":41}},"2":{"start":{"line":4,"column":0},"end":{"line":4,"column":13}},"3":{"start":{"line":7,"column":2},"end":{"line":7,"column":null}},"4":{"start":{"line":11,"column":2},"end":{"line":11,"column":null}},"5":{"start":{"line":16,"column":2},"end":{"line":16,"column":null}},"6":{"start":{"line":14,"column":14},"end":{"line":14,"column":20}}},"fnMap":{"0":{"name":"(anonymous_2)","decl":{"start":{"line":14,"column":8},"end":{"line":14,"column":11}},"loc":{"start":{"line":14,"column":14},"end":{"line":14,"column":20}}}},"branchMap":{},"s":{"0":1,"1":1,"2":1,"3":1,"4":1,"5":1,"6":0},"f":{"0":0},"b":{}}
}
